  16235.cpp
C:\Users\flash\Desktop\Algorithm\Simulation\Simulation\16235.cpp(60,26): error C2059:  구문 오류: ')'
C:\Users\flash\Desktop\Algorithm\Simulation\Simulation\16235.cpp(61,28): error C2143:  구문 오류: ';'이(가) '{' 앞에 없습니다.
C:\Users\flash\Desktop\Algorithm\Simulation\Simulation\16235.cpp(83,29): warning C4267:  '+=': 'size_t'에서 'int'(으)로 변환하면서 데이터가 손실될 수 있습니다.
